  mainCPU.cpp
  mainGPU.cpp
C:\Users\Piotr Baranowski\source\repos\Boids-simulation-windows\src\utils\global.h(14,17): warning C4244: "return": konwersja z "double" do "float", możliwa utrata danych
C:\Users\Piotr Baranowski\source\repos\Boids-simulation-windows\src\Graphics\BoidsRenderer.h(10,31): warning C4305: "inicjowanie": obcięcie z "double" do "float"
C:\Users\Piotr Baranowski\source\repos\Boids-simulation-windows\src\GPU\FlockGridGPU.h(52,68): warning C4244: "argument": konwersja z "int" do "float", możliwa utrata danych
C:\Users\Piotr Baranowski\source\repos\Boids-simulation-windows\src\GPU\FlockGridGPU.h(52,46): warning C4244: "argument": konwersja z "int" do "float", możliwa utrata danych
C:\Users\Piotr Baranowski\source\repos\Boids-simulation-windows\src\GPU\FlockGridGPU.h(52,123): warning C4244: "argument": konwersja z "int" do "float", możliwa utrata danych
C:\Users\Piotr Baranowski\source\repos\Boids-simulation-windows\src\GPU\FlockGridGPU.h(52,100): warning C4244: "argument": konwersja z "int" do "float", możliwa utrata danych
C:\Users\Piotr Baranowski\source\repos\Boids-simulation-windows\src\mainGPU.cpp(96,20): warning C4244: "=": konwersja z "double" do "float", możliwa utrata danych
C:\Users\Piotr Baranowski\source\repos\Boids-simulation-windows\src\mainGPU.cpp(97,34): warning C4244: "=": konwersja z "double" do "float", możliwa utrata danych
C:\Users\Piotr Baranowski\source\repos\Boids-simulation-windows\src\mainGPU.cpp(152,38): warning C4244: "=": konwersja z "ValueType" do "int", możliwa utrata danych
          with
          [
              ValueType=float
          ]
C:\Users\Piotr Baranowski\source\repos\Boids-simulation-windows\src\mainGPU.cpp(153,40): warning C4244: "=": konwersja z "ValueType" do "int", możliwa utrata danych
          with
          [
              ValueType=float
          ]
C:\Users\Piotr Baranowski\source\repos\Boids-simulation-windows\src\mainGPU.cpp(167,26): warning C4244: "=": konwersja z "float" do "int", możliwa utrata danych
  Generowanie kodu...
glew32s.lib(glew.obj) : warning LNK4099: nie znaleziono pliku PDB "vc120.pdb" z elementem "glew32s.lib(glew.obj)" lub w pozycji "C:\Users\Piotr Baranowski\source\repos\Boids-simulation-windows\x64\Debug\vc120.pdb"; obiekt zostanie skonsolidowany bez informacji debugowania
     Trwa tworzenie biblioteki C:\Users\Piotr Baranowski\source\repos\Boids-simulation-windows\x64\Debug\Boids-simulation-windows.lib i obiektu C:\Users\Piotr Baranowski\source\repos\Boids-simulation-windows\x64\Debug\Boids-simulation-windows.exp
LINK : warning LNK4098: domyślna biblioteka "LIBCMT" powoduje konflikt z innymi bibliotekami; użyj opcji /NODEFAULTLIB:biblioteka
LINK : warning LNK4098: domyślna biblioteka "MSVCRT" powoduje konflikt z innymi bibliotekami; użyj opcji /NODEFAULTLIB:biblioteka
  Boids-simulation-windows.vcxproj -> C:\Users\Piotr Baranowski\source\repos\Boids-simulation-windows\x64\Debug\Boids-simulation-windows.exe
